<?xml version="1.0" encoding="UTF-8" ?>
<testsuite tests="3" failures="2" name="com.crm.qa.testcases.LoginPageTest" time="7.089" errors="0" skipped="0">
  <properties>
[...]
</properties>
  <testcase classname="com.crm.qa.testcases.LoginPageTest" name="LoginPageTitleTest" time="0.032">
    <failure message="expected [CRMPRO  - CRM software for customer relationship management, sales, and support.] but found [CRMPRO - CRM software for customer relationship management, sales, and support.]" type="java.lang.AssertionError">java.lang.AssertionError: expected [CRMPRO  - CRM software for customer relationship management, sales, and support.] but found [CRMPRO - CRM software for customer relationship management, sales, and support.]
	at org.testng.Assert.fail(Assert.java:93)
	at org.testng.Assert.failNotEquals(Assert.java:512)
	at org.testng.Assert.assertEqualsImpl(Assert.java:134)
	at org.testng.Assert.assertEquals(Assert.java:115)
	at org.testng.Assert.assertEquals(Assert.java:189)
	at org.testng.Assert.assertEquals(Assert.java:199)
	at com.crm.qa.testcases.LoginPageTest.LoginPageTitleTest(LoginPageTest.java:29)
</failure>
    <system-out>Configuring TestNG with: org.apache.maven.surefire.testng.conf.TestNG652Configurator@7a7b0070
</system-out>
    <system-err>SLF4J: Failed to load class &quot;org.slf4j.impl.StaticLoggerBinder&quot;.
SLF4J: Defaulting to no-operation (NOP) logger implementation
SLF4J: See http://www.slf4j.org/codes.html#StaticLoggerBinder for further details.
Starting ChromeDriver 80.0.3987.16 (320f6526c1632ad4f205ebce69b99a062ed78647-refs/branch-heads/3987@{#185}) on port 5412
Only local connections are allowed.
Please protect ports used by ChromeDriver and related test frameworks to prevent access by malicious code.
log4j:WARN No appenders could be found for logger (org.apache.http.client.protocol.RequestAddCookies).
log4j:WARN Please initialize the log4j system properly.
log4j:WARN See http://logging.apache.org/log4j/1.2/faq.html#noconfig for more info.
[1584577940.967][WARNING]: Timed out connecting to Chrome, retrying...
Mar 19, 2020 11:32:23 AM org.openqa.selenium.remote.ProtocolHandshake createSession
INFO: Detected dialect: W3C
[1584577945.162][WARNING]: Timed out connecting to Chrome, retrying...
[1584577949.197][SEVERE]: Timed out receiving message from renderer: 0.100
[1584577949.298][SEVERE]: Timed out receiving message from renderer: 0.100
[1584577949.404][SEVERE]: Timed out receiving message from renderer: 0.100
[1584577949.509][SEVERE]: Timed out receiving message from renderer: 0.100
[1584577949.612][SEVERE]: Timed out receiving message from renderer: 0.100
[1584577949.716][SEVERE]: Timed out receiving message from renderer: 0.100
[1584577949.821][SEVERE]: Timed out receiving message from renderer: 0.100
[1584577949.924][SEVERE]: Timed out receiving message from renderer: 0.100
[1584577950.026][SEVERE]: Timed out receiving message from renderer: 0.100
[1584577950.129][SEVERE]: Timed out receiving message from renderer: 0.100
[1584577950.232][SEVERE]: Timed out receiving message from renderer: 0.100
[1584577950.333][SEVERE]: Timed out receiving message from renderer: 0.100
[1584577950.764][SEVERE]: Timed out receiving message from renderer: 0.100
[1584577950.998][SEVERE]: Timed out receiving message from renderer: 0.100
[1584577951.151][SEVERE]: Timed out receiving message from renderer: 0.100
[1584577951.254][SEVERE]: Timed out receiving message from renderer: 0.100
[1584577951.374][SEVERE]: Timed out receiving message from renderer: 0.100
[1584577951.494][SEVERE]: Timed out receiving message from renderer: 0.100
[1584577951.619][SEVERE]: Timed out receiving message from renderer: 0.100
</system-err>
  </testcase>
  <testcase classname="com.crm.qa.testcases.LoginPageTest" name="LoginPageLogoImageTest" time="0.087">
    <failure message="invalid selector: Unable to locate an element with the xpath expression //img[contains(@class=&apos;img-responsive&apos;)] because of the following error:
SyntaxError: Failed to execute &apos;evaluate&apos; on &apos;Document&apos;: The string &apos;//img[contains(@class=&apos;img-responsive&apos;)]&apos; is not a valid XPath expression.
  (Session info: chrome=80.0.3987.132)
For documentation on this error, please visit: http://seleniumhq.org/exceptions/invalid_selector_exception.html
Build info: version: &apos;3.5.3&apos;, revision: &apos;a88d25fe6b&apos;, time: &apos;2017-08-29T12:42:44.417Z&apos;
System info: host: &apos;DESKTOP-K242S0S&apos;, ip: &apos;192.168.43.88&apos;, os.name: &apos;Windows 10&apos;, os.arch: &apos;amd64&apos;, os.version: &apos;10.0&apos;, java.version: &apos;1.8.0_221&apos;
Driver info: org.openqa.selenium.chrome.ChromeDriver
Capabilities [{networkConnectionEnabled=false, chrome={chromedriverVersion=80.0.3987.16 (320f6526c1632ad4f205ebce69b99a062ed78647-refs/branch-heads/3987@{#185}), userDataDir=C:\Users\karan\AppData\Local\Temp\scoped_dir14144_1774461875}, timeouts={implicit=0, pageLoad=300000, script=30000}, pageLoadStrategy=normal, unhandledPromptBehavior=dismiss and notify, strictFileInteractability=false, platform=XP, proxy=Proxy(), goog:chromeOptions={debuggerAddress=localhost:58619}, acceptInsecureCerts=false, browserVersion=80.0.3987.132, browserName=chrome, javascriptEnabled=true, platformName=XP, setWindowRect=true}]
Session ID: 0a32d7ad9ef5caae516fd26837048445
*** Element info: {Using=xpath, value=//img[contains(@class=&apos;img-responsive&apos;)]}" type="org.openqa.selenium.InvalidSelectorException">org.openqa.selenium.InvalidSelectorException: invalid selector: Unable to locate an element with the xpath expression //img[contains(@class=&apos;img-responsive&apos;)] because of the following error:
SyntaxError: Failed to execute &apos;evaluate&apos; on &apos;Document&apos;: The string &apos;//img[contains(@class=&apos;img-responsive&apos;)]&apos; is not a valid XPath expression.
  (Session info: chrome=80.0.3987.132)
For documentation on this error, please visit: http://seleniumhq.org/exceptions/invalid_selector_exception.html
Build info: version: &apos;3.5.3&apos;, revision: &apos;a88d25fe6b&apos;, time: &apos;2017-08-29T12:42:44.417Z&apos;
System info: host: &apos;DESKTOP-K242S0S&apos;, ip: &apos;192.168.43.88&apos;, os.name: &apos;Windows 10&apos;, os.arch: &apos;amd64&apos;, os.version: &apos;10.0&apos;, java.version: &apos;1.8.0_221&apos;
Driver info: org.openqa.selenium.chrome.ChromeDriver
Capabilities [{networkConnectionEnabled=false, chrome={chromedriverVersion=80.0.3987.16 (320f6526c1632ad4f205ebce69b99a062ed78647-refs/branch-heads/3987@{#185}), userDataDir=C:\Users\karan\AppData\Local\Temp\scoped_dir14144_1774461875}, timeouts={implicit=0, pageLoad=300000, script=30000}, pageLoadStrategy=normal, unhandledPromptBehavior=dismiss and notify, strictFileInteractability=false, platform=XP, proxy=Proxy(), goog:chromeOptions={debuggerAddress=localhost:58619}, acceptInsecureCerts=false, browserVersion=80.0.3987.132, browserName=chrome, javascriptEnabled=true, platformName=XP, setWindowRect=true}]
Session ID: 0a32d7ad9ef5caae516fd26837048445
*** Element info: {Using=xpath, value=//img[contains(@class=&apos;img-responsive&apos;)]}
	at sun.reflect.NativeConstructorAccessorImpl.newInstance0(Native Method)
	at sun.reflect.NativeConstructorAccessorImpl.newInstance(NativeConstructorAccessorImpl.java:62)
	at sun.reflect.DelegatingConstructorAccessorImpl.newInstance(DelegatingConstructorAccessorImpl.java:45)
	at java.lang.reflect.Constructor.newInstance(Constructor.java:423)
	at org.openqa.selenium.remote.http.W3CHttpResponseCodec.createException(W3CHttpResponseCodec.java:185)
	at org.openqa.selenium.remote.http.W3CHttpResponseCodec.decode(W3CHttpResponseCodec.java:120)
	at org.openqa.selenium.remote.http.W3CHttpResponseCodec.decode(W3CHttpResponseCodec.java:49)
	at org.openqa.selenium.remote.HttpCommandExecutor.execute(HttpCommandExecutor.java:164)
	at org.openqa.selenium.remote.service.DriverCommandExecutor.execute(DriverCommandExecutor.java:82)
	at org.openqa.selenium.remote.RemoteWebDriver.execute(RemoteWebDriver.java:646)
	at org.openqa.selenium.remote.RemoteWebDriver.findElement(RemoteWebDriver.java:416)
	at org.openqa.selenium.remote.RemoteWebDriver.findElementByXPath(RemoteWebDriver.java:518)
	at org.openqa.selenium.By$ByXPath.findElement(By.java:361)
	at org.openqa.selenium.remote.RemoteWebDriver.findElement(RemoteWebDriver.java:408)
	at sun.reflect.NativeMethodAccessorImpl.invoke0(Native Method)
	at sun.reflect.NativeMethodAccessorImpl.invoke(NativeMethodAccessorImpl.java:62)
	at sun.reflect.DelegatingMethodAccessorImpl.invoke(DelegatingMethodAccessorImpl.java:43)
	at java.lang.reflect.Method.invoke(Method.java:498)
	at org.openqa.selenium.support.events.EventFiringWebDriver$2.invoke(EventFiringWebDriver.java:105)
	at com.sun.proxy.$Proxy5.findElement(Unknown Source)
	at org.openqa.selenium.support.events.EventFiringWebDriver.findElement(EventFiringWebDriver.java:189)
	at org.openqa.selenium.support.pagefactory.DefaultElementLocator.findElement(DefaultElementLocator.java:69)
	at org.openqa.selenium.support.pagefactory.internal.LocatingElementHandler.invoke(LocatingElementHandler.java:38)
	at com.sun.proxy.$Proxy9.isDisplayed(Unknown Source)
	at com.crm.qa.pages.LoginPage.validateCRMImage(LoginPage.java:43)
	at com.crm.qa.testcases.LoginPageTest.LoginPageLogoImageTest(LoginPageTest.java:34)
</failure>
    <system-err>Starting ChromeDriver 80.0.3987.16 (320f6526c1632ad4f205ebce69b99a062ed78647-refs/branch-heads/3987@{#185}) on port 18158
Only local connections are allowed.
Please protect ports used by ChromeDriver and related test frameworks to prevent access by malicious code.
[1584577956.973][WARNING]: Timed out connecting to Chrome, retrying...
Mar 19, 2020 11:32:39 AM org.openqa.selenium.remote.ProtocolHandshake createSession
INFO: Detected dialect: W3C
[1584577961.042][WARNING]: Timed out connecting to Chrome, retrying...
[1584577964.413][SEVERE]: Timed out receiving message from renderer: 0.100
[1584577964.518][SEVERE]: Timed out receiving message from renderer: 0.100
[1584577964.625][SEVERE]: Timed out receiving message from renderer: 0.100
[1584577964.727][SEVERE]: Timed out receiving message from renderer: 0.100
[1584577964.832][SEVERE]: Timed out receiving message from renderer: 0.100
[1584577964.936][SEVERE]: Timed out receiving message from renderer: 0.100
[1584577965.041][SEVERE]: Timed out receiving message from renderer: 0.100
[1584577965.144][SEVERE]: Timed out receiving message from renderer: 0.100
[1584577965.248][SEVERE]: Timed out receiving message from renderer: 0.100
[1584577965.354][SEVERE]: Timed out receiving message from renderer: 0.100
[1584577965.457][SEVERE]: Timed out receiving message from renderer: 0.100
[1584577965.559][SEVERE]: Timed out receiving message from renderer: 0.100
[1584577965.661][SEVERE]: Timed out receiving message from renderer: 0.100
[1584577966.470][SEVERE]: Timed out receiving message from renderer: 0.100
[1584577966.574][SEVERE]: Timed out receiving message from renderer: 0.100
[1584577966.678][SEVERE]: Timed out receiving message from renderer: 0.100
[1584577966.780][SEVERE]: Timed out receiving message from renderer: 0.100
[1584577966.905][SEVERE]: Timed out receiving message from renderer: 0.100
[1584577967.009][SEVERE]: Timed out receiving message from renderer: 0.100
[1584577967.114][SEVERE]: Timed out receiving message from renderer: 0.100
[1584577967.217][SEVERE]: Timed out receiving message from renderer: 0.100
[1584577967.322][SEVERE]: Timed out receiving message from renderer: 0.100
[1584577967.453][SEVERE]: Timed out receiving message from renderer: 0.100
[1584577967.561][SEVERE]: Timed out receiving message from renderer: 0.100
[1584577967.663][SEVERE]: Timed out receiving message from renderer: 0.100
[1584577967.768][SEVERE]: Timed out receiving message from renderer: 0.100
[1584577967.871][SEVERE]: Timed out receiving message from renderer: 0.100
[1584577968.019][SEVERE]: Timed out receiving message from renderer: 0.100
[1584577968.123][SEVERE]: Timed out receiving message from renderer: 0.100
[1584577968.225][SEVERE]: Timed out receiving message from renderer: 0.100
[1584577968.487][SEVERE]: Timed out receiving message from renderer: 0.100
[1584577968.593][SEVERE]: Timed out receiving message from renderer: 0.100
[1584577968.697][SEVERE]: Timed out receiving message from renderer: 0.100
[1584577968.801][SEVERE]: Timed out receiving message from renderer: 0.100
[1584577968.905][SEVERE]: Timed out receiving message from renderer: 0.100
</system-err>
  </testcase>
  <testcase classname="com.crm.qa.testcases.LoginPageTest" name="LoginTest" time="6.97"/>
</testsuite>